<?xml version="1.0" encoding="UTF-8"?>
<!-- Generated by org.testng.reporters.JUnitReportReporter -->
<testsuite hostname="LAPTOP-0K9D30A2" failures="0" tests="1" name="TestClasses.VerifyUserCanLogin" time="2.363" errors="0" timestamp="2022-07-27T00:52:56 IST" skipped="0">
  <testcase classname="TestClasses.VerifyUserCanLogin" name="verifyUserCanLogin" time="2.363"/>
  <system-out/>
</testsuite> <!-- TestClasses.VerifyUserCanLogin -->
